Determining if the pthread_create exist failed with the following output:
Change Dir: /home/admin/Downloads/mjpg-streamer-master/mjpg-streamer-experimental/_build/CMakeFiles/CMakeTmp

Run Build Command:"/usr/bin/make" "cmTC_c4feb/fast"
make[1]: Entering directory '/home/admin/Downloads/mjpg-streamer-master/mjpg-streamer-experimental/_build/CMakeFiles/CMakeTmp'
/usr/bin/make -f CMakeFiles/cmTC_c4feb.dir/build.make CMakeFiles/cmTC_c4feb.dir/build
make[2]: Entering directory '/home/admin/Downloads/mjpg-streamer-master/mjpg-streamer-experimental/_build/CMakeFiles/CMakeTmp'
Building C object CMakeFiles/cmTC_c4feb.dir/CheckSymbolExists.c.o
/usr/bin/cc     -o CMakeFiles/cmTC_c4feb.dir/CheckSymbolExists.c.o   -c /home/admin/Downloads/mjpg-streamer-master/mjpg-streamer-experimental/_build/CMakeFiles/CMakeTmp/CheckSymbolExists.c
Linking C executable cmTC_c4feb
/usr/bin/cmake -E cmake_link_script CMakeFiles/cmTC_c4feb.dir/link.txt --verbose=1
/usr/bin/cc       CMakeFiles/cmTC_c4feb.dir/CheckSymbolExists.c.o  -o cmTC_c4feb -rdynamic 
CMakeFiles/cmTC_c4feb.dir/CheckSymbolExists.c.o: In function `main':
CheckSymbolExists.c:(.text+0x38): undefined reference to `pthread_create'
collect2: error: ld returned 1 exit status
CMakeFiles/cmTC_c4feb.dir/build.make:97: recipe for target 'cmTC_c4feb' failed
make[2]: *** [cmTC_c4feb] Error 1
make[2]: Leaving directory '/home/admin/Downloads/mjpg-streamer-master/mjpg-streamer-experimental/_build/CMakeFiles/CMakeTmp'
Makefile:126: recipe for target 'cmTC_c4feb/fast' failed
make[1]: *** [cmTC_c4feb/fast] Error 2
make[1]: Leaving directory '/home/admin/Downloads/mjpg-streamer-master/mjpg-streamer-experimental/_build/CMakeFiles/CMakeTmp'

File /home/admin/Downloads/mjpg-streamer-master/mjpg-streamer-experimental/_build/CMakeFiles/CMakeTmp/CheckSymbolExists.c:
/* */
#include <pthread.h>

int main(int argc, char** argv)
{
  (void)argv;
#ifndef pthread_create
  return ((int*)(&pthread_create))[argc];
#else
  (void)argc;
  return 0;
#endif
}

Determining if the function pthread_create exists in the pthreads failed with the following output:
Change Dir: /home/admin/Downloads/mjpg-streamer-master/mjpg-streamer-experimental/_build/CMakeFiles/CMakeTmp

Run Build Command:"/usr/bin/make" "cmTC_1f7ab/fast"
make[1]: Entering directory '/home/admin/Downloads/mjpg-streamer-master/mjpg-streamer-experimental/_build/CMakeFiles/CMakeTmp'
/usr/bin/make -f CMakeFiles/cmTC_1f7ab.dir/build.make CMakeFiles/cmTC_1f7ab.dir/build
make[2]: Entering directory '/home/admin/Downloads/mjpg-streamer-master/mjpg-streamer-experimental/_build/CMakeFiles/CMakeTmp'
Building C object CMakeFiles/cmTC_1f7ab.dir/CheckFunctionExists.c.o
/usr/bin/cc    -DCHECK_FUNCTION_EXISTS=pthread_create   -o CMakeFiles/cmTC_1f7ab.dir/CheckFunctionExists.c.o   -c /usr/share/cmake-3.6/Modules/CheckFunctionExists.c
Linking C executable cmTC_1f7ab
/usr/bin/cmake -E cmake_link_script CMakeFiles/cmTC_1f7ab.dir/link.txt --verbose=1
/usr/bin/cc   -DCHECK_FUNCTION_EXISTS=pthread_create    CMakeFiles/cmTC_1f7ab.dir/CheckFunctionExists.c.o  -o cmTC_1f7ab -rdynamic -lpthreads 
/usr/bin/ld: cannot find -lpthreads
collect2: error: ld returned 1 exit status
CMakeFiles/cmTC_1f7ab.dir/build.make:97: recipe for target 'cmTC_1f7ab' failed
make[2]: *** [cmTC_1f7ab] Error 1
make[2]: Leaving directory '/home/admin/Downloads/mjpg-streamer-master/mjpg-streamer-experimental/_build/CMakeFiles/CMakeTmp'
Makefile:126: recipe for target 'cmTC_1f7ab/fast' failed
make[1]: *** [cmTC_1f7ab/fast] Error 2
make[1]: Leaving directory '/home/admin/Downloads/mjpg-streamer-master/mjpg-streamer-experimental/_build/CMakeFiles/CMakeTmp'


